{"C:\\Users\\santa\\Desktop\\Software Development\\CSIT314\\src\\config\\associations.js": {"path":"C:\\Users\\santa\\Desktop\\Software Development\\CSIT314\\src\\config\\associations.js","statementMap":{"0":{"start":{"line":2,"column":0},"end":{"line":107,"column":2}},"1":{"start":{"line":3,"column":15},"end":{"line":3,"column":56}},"2":{"start":{"line":4,"column":22},"end":{"line":4,"column":70}},"3":{"start":{"line":6,"column":17},"end":{"line":6,"column":60}},"4":{"start":{"line":7,"column":16},"end":{"line":7,"column":58}},"5":{"start":{"line":9,"column":15},"end":{"line":9,"column":56}},"6":{"start":{"line":10,"column":18},"end":{"line":10,"column":61}},"7":{"start":{"line":11,"column":19},"end":{"line":11,"column":63}},"8":{"start":{"line":13,"column":2},"end":{"line":17,"column":5}},"9":{"start":{"line":19,"column":2},"end":{"line":22,"column":5}},"10":{"start":{"line":24,"column":2},"end":{"line":29,"column":5}},"11":{"start":{"line":30,"column":2},"end":{"line":35,"column":5}},"12":{"start":{"line":37,"column":2},"end":{"line":41,"column":5}},"13":{"start":{"line":42,"column":2},"end":{"line":46,"column":5}},"14":{"start":{"line":48,"column":2},"end":{"line":51,"column":5}},"15":{"start":{"line":53,"column":2},"end":{"line":56,"column":5}},"16":{"start":{"line":58,"column":2},"end":{"line":61,"column":5}},"17":{"start":{"line":63,"column":2},"end":{"line":66,"column":5}},"18":{"start":{"line":68,"column":2},"end":{"line":70,"column":5}},"19":{"start":{"line":72,"column":2},"end":{"line":74,"column":5}},"20":{"start":{"line":76,"column":2},"end":{"line":79,"column":5}},"21":{"start":{"line":81,"column":2},"end":{"line":84,"column":5}},"22":{"start":{"line":86,"column":2},"end":{"line":89,"column":5}},"23":{"start":{"line":91,"column":2},"end":{"line":94,"column":5}},"24":{"start":{"line":96,"column":2},"end":{"line":99,"column":5}},"25":{"start":{"line":101,"column":2},"end":{"line":104,"column":5}},"26":{"start":{"line":106,"column":2},"end":{"line":106,"column":19}}},"fnMap":{"0":{"name":"(anonymous_0)","decl":{"start":{"line":2,"column":17},"end":{"line":2,"column":18}},"loc":{"start":{"line":2,"column":32},"end":{"line":107,"column":1}},"line":2}},"branchMap":{},"s":{"0":1,"1":1,"2":1,"3":1,"4":1,"5":1,"6":1,"7":1,"8":1,"9":1,"10":1,"11":1,"12":1,"13":1,"14":1,"15":1,"16":1,"17":1,"18":1,"19":1,"20":1,"21":1,"22":1,"23":1,"24":1,"25":1,"26":1},"f":{"0":1},"b":{},"_coverageSchema":"1a1c01bbd47fc00a2c39e90264f33305004495a9","hash":"a6d2367debcbcfb20159f89e5dde2a2c4b30ea8b"}
,"C:\\Users\\santa\\Desktop\\Software Development\\CSIT314\\src\\config\\db.js": {"path":"C:\\Users\\santa\\Desktop\\Software Development\\CSIT314\\src\\config\\db.js","statementMap":{"0":{"start":{"line":1,"column":0},"end":{"line":1,"column":27}},"1":{"start":{"line":2,"column":22},"end":{"line":2,"column":42}},"2":{"start":{"line":3,"column":15},"end":{"line":3,"column":41}},"3":{"start":{"line":5,"column":13},"end":{"line":7,"column":40}},"4":{"start":{"line":16,"column":18},"end":{"line":21,"column":2}},"5":{"start":{"line":23,"column":0},"end":{"line":51,"column":5}},"6":{"start":{"line":26,"column":4},"end":{"line":26,"column":65}},"7":{"start":{"line":27,"column":4},"end":{"line":27,"column":43}},"8":{"start":{"line":30,"column":17},"end":{"line":30,"column":39}},"9":{"start":{"line":31,"column":19},"end":{"line":31,"column":64}},"10":{"start":{"line":32,"column":4},"end":{"line":47,"column":5}},"11":{"start":{"line":33,"column":27},"end":{"line":40,"column":8}},"12":{"start":{"line":42,"column":26},"end":{"line":42,"column":56}},"13":{"start":{"line":43,"column":6},"end":{"line":46,"column":9}},"14":{"start":{"line":50,"column":4},"end":{"line":50,"column":61}},"15":{"start":{"line":53,"column":11},"end":{"line":53,"column":13}},"16":{"start":{"line":55,"column":0},"end":{"line":55,"column":25}},"17":{"start":{"line":56,"column":0},"end":{"line":56,"column":25}},"18":{"start":{"line":58,"column":0},"end":{"line":58,"column":37}},"19":{"start":{"line":60,"column":0},"end":{"line":60,"column":20}}},"fnMap":{"0":{"name":"(anonymous_0)","decl":{"start":{"line":25,"column":8},"end":{"line":25,"column":9}},"loc":{"start":{"line":25,"column":20},"end":{"line":48,"column":3}},"line":25},"1":{"name":"(anonymous_1)","decl":{"start":{"line":49,"column":9},"end":{"line":49,"column":10}},"loc":{"start":{"line":49,"column":18},"end":{"line":51,"column":3}},"line":49}},"branchMap":{"0":{"loc":{"start":{"line":5,"column":13},"end":{"line":7,"column":40}},"type":"cond-expr","locations":[{"start":{"line":6,"column":4},"end":{"line":6,"column":11}},{"start":{"line":7,"column":4},"end":{"line":7,"column":40}}],"line":5},"1":{"loc":{"start":{"line":32,"column":4},"end":{"line":47,"column":5}},"type":"if","locations":[{"start":{"line":32,"column":4},"end":{"line":47,"column":5}},{"start":{},"end":{}}],"line":32}},"s":{"0":1,"1":1,"2":1,"3":1,"4":1,"5":1,"6":1,"7":1,"8":0,"9":0,"10":0,"11":0,"12":0,"13":0,"14":1,"15":1,"16":1,"17":1,"18":1,"19":1},"f":{"0":1,"1":1},"b":{"0":[0,1],"1":[0,0]},"_coverageSchema":"1a1c01bbd47fc00a2c39e90264f33305004495a9","hash":"922ec6393b99ef7d62962afa393e0fee6274be6d"}
,"C:\\Users\\santa\\Desktop\\Software Development\\CSIT314\\src\\controller\\adminController.js": {"path":"C:\\Users\\santa\\Desktop\\Software Development\\CSIT314\\src\\controller\\adminController.js","statementMap":{"0":{"start":{"line":1,"column":19},"end":{"line":1,"column":44}},"1":{"start":{"line":2,"column":26},"end":{"line":2,"column":58}},"2":{"start":{"line":3,"column":15},"end":{"line":3,"column":41}},"3":{"start":{"line":5,"column":0},"end":{"line":60,"column":2}},"4":{"start":{"line":7,"column":4},"end":{"line":7,"column":36}},"5":{"start":{"line":10,"column":4},"end":{"line":10,"column":38}},"6":{"start":{"line":13,"column":4},"end":{"line":20,"column":5}},"7":{"start":{"line":14,"column":6},"end":{"line":14,"column":53}},"8":{"start":{"line":15,"column":6},"end":{"line":15,"column":66}},"9":{"start":{"line":16,"column":6},"end":{"line":16,"column":23}},"10":{"start":{"line":18,"column":6},"end":{"line":18,"column":23}},"11":{"start":{"line":19,"column":6},"end":{"line":19,"column":21}},"12":{"start":{"line":23,"column":4},"end":{"line":34,"column":5}},"13":{"start":{"line":24,"column":25},"end":{"line":24,"column":57}},"14":{"start":{"line":25,"column":6},"end":{"line":28,"column":48}},"15":{"start":{"line":29,"column":6},"end":{"line":29,"column":77}},"16":{"start":{"line":30,"column":6},"end":{"line":30,"column":23}},"17":{"start":{"line":32,"column":6},"end":{"line":32,"column":23}},"18":{"start":{"line":33,"column":6},"end":{"line":33,"column":21}},"19":{"start":{"line":37,"column":4},"end":{"line":37,"column":46}},"20":{"start":{"line":40,"column":4},"end":{"line":40,"column":52}},"21":{"start":{"line":43,"column":4},"end":{"line":49,"column":5}},"22":{"start":{"line":44,"column":6},"end":{"line":44,"column":60}},"23":{"start":{"line":45,"column":6},"end":{"line":45,"column":23}},"24":{"start":{"line":47,"column":6},"end":{"line":47,"column":23}},"25":{"start":{"line":48,"column":6},"end":{"line":48,"column":21}},"26":{"start":{"line":52,"column":4},"end":{"line":58,"column":5}},"27":{"start":{"line":53,"column":6},"end":{"line":53,"column":69}},"28":{"start":{"line":54,"column":6},"end":{"line":54,"column":23}},"29":{"start":{"line":56,"column":6},"end":{"line":56,"column":23}},"30":{"start":{"line":57,"column":6},"end":{"line":57,"column":21}}},"fnMap":{"0":{"name":"(anonymous_0)","decl":{"start":{"line":6,"column":15},"end":{"line":6,"column":16}},"loc":{"start":{"line":6,"column":26},"end":{"line":8,"column":3}},"line":6},"1":{"name":"(anonymous_1)","decl":{"start":{"line":9,"column":15},"end":{"line":9,"column":16}},"loc":{"start":{"line":9,"column":28},"end":{"line":11,"column":3}},"line":9},"2":{"name":"(anonymous_2)","decl":{"start":{"line":12,"column":14},"end":{"line":12,"column":15}},"loc":{"start":{"line":12,"column":47},"end":{"line":21,"column":3}},"line":12},"3":{"name":"(anonymous_3)","decl":{"start":{"line":22,"column":14},"end":{"line":22,"column":15}},"loc":{"start":{"line":22,"column":51},"end":{"line":35,"column":3}},"line":22},"4":{"name":"(anonymous_4)","decl":{"start":{"line":36,"column":19},"end":{"line":36,"column":20}},"loc":{"start":{"line":36,"column":30},"end":{"line":38,"column":3}},"line":36},"5":{"name":"(anonymous_5)","decl":{"start":{"line":39,"column":22},"end":{"line":39,"column":23}},"loc":{"start":{"line":39,"column":35},"end":{"line":41,"column":3}},"line":39},"6":{"name":"(anonymous_6)","decl":{"start":{"line":42,"column":21},"end":{"line":42,"column":22}},"loc":{"start":{"line":42,"column":43},"end":{"line":50,"column":3}},"line":42},"7":{"name":"(anonymous_7)","decl":{"start":{"line":51,"column":21},"end":{"line":51,"column":22}},"loc":{"start":{"line":51,"column":43},"end":{"line":59,"column":3}},"line":51}},"branchMap":{"0":{"loc":{"start":{"line":26,"column":8},"end":{"line":28,"column":47}},"type":"cond-expr","locations":[{"start":{"line":27,"column":12},"end":{"line":27,"column":31}},{"start":{"line":28,"column":12},"end":{"line":28,"column":47}}],"line":26}},"s":{"0":1,"1":1,"2":1,"3":1,"4":1,"5":2,"6":1,"7":1,"8":1,"9":0,"10":1,"11":1,"12":0,"13":0,"14":0,"15":0,"16":0,"17":0,"18":0,"19":0,"20":0,"21":0,"22":0,"23":0,"24":0,"25":0,"26":0,"27":0,"28":0,"29":0,"30":0},"f":{"0":1,"1":2,"2":1,"3":0,"4":0,"5":0,"6":0,"7":0},"b":{"0":[0,0]},"_coverageSchema":"1a1c01bbd47fc00a2c39e90264f33305004495a9","hash":"2055c86a58a899161a3b5e6eecbbe8c577aed000"}
,"C:\\Users\\santa\\Desktop\\Software Development\\CSIT314\\src\\entity\\user.js": {"path":"C:\\Users\\santa\\Desktop\\Software Development\\CSIT314\\src\\entity\\user.js","statementMap":{"0":{"start":{"line":1,"column":22},"end":{"line":1,"column":45}},"1":{"start":{"line":2,"column":26},"end":{"line":2,"column":46}},"2":{"start":{"line":4,"column":13},"end":{"line":4,"column":35}},"3":{"start":{"line":5,"column":20},"end":{"line":5,"column":50}},"4":{"start":{"line":7,"column":0},"end":{"line":51,"column":2}},"5":{"start":{"line":9,"column":4},"end":{"line":9,"column":39}},"6":{"start":{"line":12,"column":4},"end":{"line":24,"column":7}},"7":{"start":{"line":27,"column":4},"end":{"line":27,"column":34}},"8":{"start":{"line":30,"column":4},"end":{"line":37,"column":7}},"9":{"start":{"line":40,"column":4},"end":{"line":43,"column":6}},"10":{"start":{"line":46,"column":4},"end":{"line":49,"column":6}}},"fnMap":{"0":{"name":"(anonymous_0)","decl":{"start":{"line":8,"column":15},"end":{"line":8,"column":16}},"loc":{"start":{"line":8,"column":21},"end":{"line":10,"column":3}},"line":8},"1":{"name":"(anonymous_1)","decl":{"start":{"line":11,"column":18},"end":{"line":11,"column":19}},"loc":{"start":{"line":11,"column":29},"end":{"line":25,"column":3}},"line":11},"2":{"name":"(anonymous_2)","decl":{"start":{"line":26,"column":15},"end":{"line":26,"column":16}},"loc":{"start":{"line":26,"column":28},"end":{"line":28,"column":3}},"line":26},"3":{"name":"(anonymous_3)","decl":{"start":{"line":29,"column":25},"end":{"line":29,"column":26}},"loc":{"start":{"line":29,"column":31},"end":{"line":38,"column":3}},"line":29},"4":{"name":"(anonymous_4)","decl":{"start":{"line":39,"column":14},"end":{"line":39,"column":15}},"loc":{"start":{"line":39,"column":41},"end":{"line":44,"column":3}},"line":39},"5":{"name":"(anonymous_5)","decl":{"start":{"line":45,"column":14},"end":{"line":45,"column":15}},"loc":{"start":{"line":45,"column":50},"end":{"line":50,"column":3}},"line":45}},"branchMap":{},"s":{"0":1,"1":1,"2":1,"3":1,"4":1,"5":1,"6":0,"7":2,"8":0,"9":1,"10":0},"f":{"0":1,"1":0,"2":2,"3":0,"4":1,"5":0},"b":{},"_coverageSchema":"1a1c01bbd47fc00a2c39e90264f33305004495a9","hash":"44a2dc3a08a5359d2b21797d5f63c1dfc48a4a36"}
,"C:\\Users\\santa\\Desktop\\Software Development\\CSIT314\\src\\entity\\userProfile.js": {"path":"C:\\Users\\santa\\Desktop\\Software Development\\CSIT314\\src\\entity\\userProfile.js","statementMap":{"0":{"start":{"line":1,"column":22},"end":{"line":1,"column":45}},"1":{"start":{"line":3,"column":13},"end":{"line":3,"column":35}},"2":{"start":{"line":4,"column":20},"end":{"line":4,"column":50}},"3":{"start":{"line":6,"column":0},"end":{"line":56,"column":2}},"4":{"start":{"line":8,"column":4},"end":{"line":22,"column":7}},"5":{"start":{"line":25,"column":4},"end":{"line":42,"column":7}},"6":{"start":{"line":45,"column":4},"end":{"line":48,"column":6}},"7":{"start":{"line":51,"column":4},"end":{"line":54,"column":6}}},"fnMap":{"0":{"name":"(anonymous_0)","decl":{"start":{"line":7,"column":19},"end":{"line":7,"column":20}},"loc":{"start":{"line":7,"column":25},"end":{"line":23,"column":3}},"line":7},"1":{"name":"(anonymous_1)","decl":{"start":{"line":24,"column":22},"end":{"line":24,"column":23}},"loc":{"start":{"line":24,"column":41},"end":{"line":43,"column":3}},"line":24},"2":{"name":"(anonymous_2)","decl":{"start":{"line":44,"column":21},"end":{"line":44,"column":22}},"loc":{"start":{"line":44,"column":45},"end":{"line":49,"column":3}},"line":44},"3":{"name":"(anonymous_3)","decl":{"start":{"line":50,"column":21},"end":{"line":50,"column":22}},"loc":{"start":{"line":50,"column":45},"end":{"line":55,"column":3}},"line":50}},"branchMap":{},"s":{"0":1,"1":1,"2":1,"3":1,"4":0,"5":0,"6":0,"7":0},"f":{"0":0,"1":0,"2":0,"3":0},"b":{},"_coverageSchema":"1a1c01bbd47fc00a2c39e90264f33305004495a9","hash":"e522c63731cc0e15f739ddea4c0c14db8a3a1a13"}
,"C:\\Users\\santa\\Desktop\\Software Development\\CSIT314\\src\\models\\authorModel.js": {"path":"C:\\Users\\santa\\Desktop\\Software Development\\CSIT314\\src\\models\\authorModel.js","statementMap":{"0":{"start":{"line":1,"column":18},"end":{"line":1,"column":38}},"1":{"start":{"line":3,"column":0},"end":{"line":19,"column":2}},"2":{"start":{"line":6,"column":2},"end":{"line":16,"column":4}},"3":{"start":{"line":18,"column":2},"end":{"line":18,"column":15}}},"fnMap":{"0":{"name":"(anonymous_0)","decl":{"start":{"line":3,"column":17},"end":{"line":3,"column":18}},"loc":{"start":{"line":3,"column":32},"end":{"line":19,"column":1}},"line":3}},"branchMap":{},"s":{"0":1,"1":1,"2":1,"3":1},"f":{"0":1},"b":{},"_coverageSchema":"1a1c01bbd47fc00a2c39e90264f33305004495a9","hash":"670e60c34118b4a39593293d496b08780477573c"}
,"C:\\Users\\santa\\Desktop\\Software Development\\CSIT314\\src\\models\\bidsModel.js": {"path":"C:\\Users\\santa\\Desktop\\Software Development\\CSIT314\\src\\models\\bidsModel.js","statementMap":{"0":{"start":{"line":1,"column":28},"end":{"line":1,"column":48}},"1":{"start":{"line":3,"column":0},"end":{"line":27,"column":2}},"2":{"start":{"line":6,"column":2},"end":{"line":24,"column":4}},"3":{"start":{"line":26,"column":2},"end":{"line":26,"column":14}}},"fnMap":{"0":{"name":"(anonymous_0)","decl":{"start":{"line":3,"column":17},"end":{"line":3,"column":18}},"loc":{"start":{"line":3,"column":32},"end":{"line":27,"column":1}},"line":3}},"branchMap":{},"s":{"0":1,"1":1,"2":1,"3":1},"f":{"0":1},"b":{},"_coverageSchema":"1a1c01bbd47fc00a2c39e90264f33305004495a9","hash":"4f29f9c67dd58a006032b8a7b90fd9c493755819"}
,"C:\\Users\\santa\\Desktop\\Software Development\\CSIT314\\src\\models\\commentModel.js": {"path":"C:\\Users\\santa\\Desktop\\Software Development\\CSIT314\\src\\models\\commentModel.js","statementMap":{"0":{"start":{"line":1,"column":29},"end":{"line":1,"column":49}},"1":{"start":{"line":3,"column":0},"end":{"line":28,"column":2}},"2":{"start":{"line":6,"column":2},"end":{"line":25,"column":4}},"3":{"start":{"line":27,"column":2},"end":{"line":27,"column":17}}},"fnMap":{"0":{"name":"(anonymous_0)","decl":{"start":{"line":3,"column":17},"end":{"line":3,"column":18}},"loc":{"start":{"line":3,"column":32},"end":{"line":28,"column":1}},"line":3}},"branchMap":{},"s":{"0":1,"1":1,"2":1,"3":1},"f":{"0":1},"b":{},"_coverageSchema":"1a1c01bbd47fc00a2c39e90264f33305004495a9","hash":"6eb130ecc6919b3bb99ff32bd95c6f61f7bcd560"}
,"C:\\Users\\santa\\Desktop\\Software Development\\CSIT314\\src\\models\\paperModel.js": {"path":"C:\\Users\\santa\\Desktop\\Software Development\\CSIT314\\src\\models\\paperModel.js","statementMap":{"0":{"start":{"line":1,"column":29},"end":{"line":1,"column":49}},"1":{"start":{"line":3,"column":0},"end":{"line":70,"column":2}},"2":{"start":{"line":6,"column":2},"end":{"line":67,"column":4}},"3":{"start":{"line":13,"column":27},"end":{"line":13,"column":56}},"4":{"start":{"line":14,"column":10},"end":{"line":14,"column":44}},"5":{"start":{"line":21,"column":27},"end":{"line":21,"column":53}},"6":{"start":{"line":22,"column":10},"end":{"line":22,"column":44}},"7":{"start":{"line":29,"column":27},"end":{"line":29,"column":53}},"8":{"start":{"line":30,"column":10},"end":{"line":30,"column":44}},"9":{"start":{"line":37,"column":27},"end":{"line":37,"column":54}},"10":{"start":{"line":38,"column":10},"end":{"line":38,"column":44}},"11":{"start":{"line":47,"column":29},"end":{"line":47,"column":58}},"12":{"start":{"line":48,"column":12},"end":{"line":48,"column":45}},"13":{"start":{"line":54,"column":29},"end":{"line":54,"column":57}},"14":{"start":{"line":55,"column":12},"end":{"line":55,"column":45}},"15":{"start":{"line":69,"column":2},"end":{"line":69,"column":15}}},"fnMap":{"0":{"name":"(anonymous_0)","decl":{"start":{"line":3,"column":17},"end":{"line":3,"column":18}},"loc":{"start":{"line":3,"column":32},"end":{"line":70,"column":1}},"line":3},"1":{"name":"(anonymous_1)","decl":{"start":{"line":12,"column":8},"end":{"line":12,"column":9}},"loc":{"start":{"line":12,"column":14},"end":{"line":15,"column":9}},"line":12},"2":{"name":"(anonymous_2)","decl":{"start":{"line":20,"column":8},"end":{"line":20,"column":9}},"loc":{"start":{"line":20,"column":14},"end":{"line":23,"column":9}},"line":20},"3":{"name":"(anonymous_3)","decl":{"start":{"line":28,"column":8},"end":{"line":28,"column":9}},"loc":{"start":{"line":28,"column":14},"end":{"line":31,"column":9}},"line":28},"4":{"name":"(anonymous_4)","decl":{"start":{"line":36,"column":8},"end":{"line":36,"column":9}},"loc":{"start":{"line":36,"column":14},"end":{"line":39,"column":9}},"line":36},"5":{"name":"(anonymous_5)","decl":{"start":{"line":46,"column":8},"end":{"line":46,"column":9}},"loc":{"start":{"line":46,"column":14},"end":{"line":49,"column":9}},"line":46},"6":{"name":"(anonymous_6)","decl":{"start":{"line":53,"column":8},"end":{"line":53,"column":9}},"loc":{"start":{"line":53,"column":14},"end":{"line":56,"column":9}},"line":53}},"branchMap":{"0":{"loc":{"start":{"line":14,"column":17},"end":{"line":14,"column":43}},"type":"cond-expr","locations":[{"start":{"line":14,"column":28},"end":{"line":14,"column":36}},{"start":{"line":14,"column":39},"end":{"line":14,"column":43}}],"line":14},"1":{"loc":{"start":{"line":22,"column":17},"end":{"line":22,"column":43}},"type":"cond-expr","locations":[{"start":{"line":22,"column":28},"end":{"line":22,"column":36}},{"start":{"line":22,"column":39},"end":{"line":22,"column":43}}],"line":22},"2":{"loc":{"start":{"line":30,"column":17},"end":{"line":30,"column":43}},"type":"cond-expr","locations":[{"start":{"line":30,"column":28},"end":{"line":30,"column":36}},{"start":{"line":30,"column":39},"end":{"line":30,"column":43}}],"line":30},"3":{"loc":{"start":{"line":38,"column":17},"end":{"line":38,"column":43}},"type":"cond-expr","locations":[{"start":{"line":38,"column":28},"end":{"line":38,"column":36}},{"start":{"line":38,"column":39},"end":{"line":38,"column":43}}],"line":38},"4":{"loc":{"start":{"line":48,"column":19},"end":{"line":48,"column":44}},"type":"cond-expr","locations":[{"start":{"line":48,"column":29},"end":{"line":48,"column":37}},{"start":{"line":48,"column":40},"end":{"line":48,"column":44}}],"line":48},"5":{"loc":{"start":{"line":55,"column":19},"end":{"line":55,"column":44}},"type":"cond-expr","locations":[{"start":{"line":55,"column":29},"end":{"line":55,"column":37}},{"start":{"line":55,"column":40},"end":{"line":55,"column":44}}],"line":55}},"s":{"0":1,"1":1,"2":1,"3":0,"4":0,"5":0,"6":0,"7":0,"8":0,"9":0,"10":0,"11":0,"12":0,"13":0,"14":0,"15":1},"f":{"0":1,"1":0,"2":0,"3":0,"4":0,"5":0,"6":0},"b":{"0":[0,0],"1":[0,0],"2":[0,0],"3":[0,0],"4":[0,0],"5":[0,0]},"_coverageSchema":"1a1c01bbd47fc00a2c39e90264f33305004495a9","hash":"aa8817c1e0dcc79e06d94f65e57fdc60768c4de2"}
,"C:\\Users\\santa\\Desktop\\Software Development\\CSIT314\\src\\models\\reviewModel.js": {"path":"C:\\Users\\santa\\Desktop\\Software Development\\CSIT314\\src\\models\\reviewModel.js","statementMap":{"0":{"start":{"line":1,"column":29},"end":{"line":1,"column":49}},"1":{"start":{"line":3,"column":0},"end":{"line":31,"column":2}},"2":{"start":{"line":6,"column":2},"end":{"line":28,"column":4}},"3":{"start":{"line":30,"column":2},"end":{"line":30,"column":16}}},"fnMap":{"0":{"name":"(anonymous_0)","decl":{"start":{"line":3,"column":17},"end":{"line":3,"column":18}},"loc":{"start":{"line":3,"column":32},"end":{"line":31,"column":1}},"line":3}},"branchMap":{},"s":{"0":1,"1":1,"2":1,"3":1},"f":{"0":1},"b":{},"_coverageSchema":"1a1c01bbd47fc00a2c39e90264f33305004495a9","hash":"33b68b0490bd92728569b04031a7f1f2fe42672a"}
,"C:\\Users\\santa\\Desktop\\Software Development\\CSIT314\\src\\models\\userModel.js": {"path":"C:\\Users\\santa\\Desktop\\Software Development\\CSIT314\\src\\models\\userModel.js","statementMap":{"0":{"start":{"line":1,"column":29},"end":{"line":1,"column":49}},"1":{"start":{"line":3,"column":0},"end":{"line":57,"column":2}},"2":{"start":{"line":6,"column":2},"end":{"line":54,"column":4}},"3":{"start":{"line":13,"column":27},"end":{"line":13,"column":55}},"4":{"start":{"line":14,"column":10},"end":{"line":14,"column":41}},"5":{"start":{"line":21,"column":27},"end":{"line":21,"column":52}},"6":{"start":{"line":22,"column":10},"end":{"line":22,"column":44}},"7":{"start":{"line":30,"column":27},"end":{"line":30,"column":53}},"8":{"start":{"line":31,"column":10},"end":{"line":31,"column":44}},"9":{"start":{"line":41,"column":27},"end":{"line":41,"column":63}},"10":{"start":{"line":42,"column":10},"end":{"line":42,"column":44}},"11":{"start":{"line":56,"column":2},"end":{"line":56,"column":14}}},"fnMap":{"0":{"name":"(anonymous_0)","decl":{"start":{"line":3,"column":17},"end":{"line":3,"column":18}},"loc":{"start":{"line":3,"column":32},"end":{"line":57,"column":1}},"line":3},"1":{"name":"(anonymous_1)","decl":{"start":{"line":12,"column":8},"end":{"line":12,"column":9}},"loc":{"start":{"line":12,"column":14},"end":{"line":15,"column":9}},"line":12},"2":{"name":"(anonymous_2)","decl":{"start":{"line":20,"column":8},"end":{"line":20,"column":9}},"loc":{"start":{"line":20,"column":14},"end":{"line":23,"column":9}},"line":20},"3":{"name":"(anonymous_3)","decl":{"start":{"line":29,"column":8},"end":{"line":29,"column":9}},"loc":{"start":{"line":29,"column":14},"end":{"line":32,"column":9}},"line":29},"4":{"name":"(anonymous_4)","decl":{"start":{"line":40,"column":8},"end":{"line":40,"column":9}},"loc":{"start":{"line":40,"column":14},"end":{"line":43,"column":9}},"line":40}},"branchMap":{"0":{"loc":{"start":{"line":14,"column":17},"end":{"line":14,"column":40}},"type":"cond-expr","locations":[{"start":{"line":14,"column":28},"end":{"line":14,"column":36}},{"start":{"line":14,"column":39},"end":{"line":14,"column":40}}],"line":14},"1":{"loc":{"start":{"line":22,"column":17},"end":{"line":22,"column":43}},"type":"cond-expr","locations":[{"start":{"line":22,"column":28},"end":{"line":22,"column":36}},{"start":{"line":22,"column":39},"end":{"line":22,"column":43}}],"line":22},"2":{"loc":{"start":{"line":31,"column":17},"end":{"line":31,"column":43}},"type":"cond-expr","locations":[{"start":{"line":31,"column":28},"end":{"line":31,"column":36}},{"start":{"line":31,"column":39},"end":{"line":31,"column":43}}],"line":31},"3":{"loc":{"start":{"line":42,"column":17},"end":{"line":42,"column":43}},"type":"cond-expr","locations":[{"start":{"line":42,"column":28},"end":{"line":42,"column":36}},{"start":{"line":42,"column":39},"end":{"line":42,"column":43}}],"line":42}},"s":{"0":1,"1":1,"2":1,"3":8,"4":8,"5":4,"6":4,"7":4,"8":4,"9":4,"10":4,"11":1},"f":{"0":1,"1":8,"2":4,"3":4,"4":4},"b":{"0":[8,0],"1":[4,0],"2":[4,0],"3":[0,4]},"_coverageSchema":"1a1c01bbd47fc00a2c39e90264f33305004495a9","hash":"5722ea54deff014764e11f670c34dca6b2e90504"}
,"C:\\Users\\santa\\Desktop\\Software Development\\CSIT314\\src\\models\\userProfileModel.js": {"path":"C:\\Users\\santa\\Desktop\\Software Development\\CSIT314\\src\\models\\userProfileModel.js","statementMap":{"0":{"start":{"line":1,"column":29},"end":{"line":1,"column":49}},"1":{"start":{"line":3,"column":0},"end":{"line":36,"column":2}},"2":{"start":{"line":6,"column":2},"end":{"line":33,"column":4}},"3":{"start":{"line":20,"column":27},"end":{"line":20,"column":57}},"4":{"start":{"line":21,"column":10},"end":{"line":21,"column":58}},"5":{"start":{"line":35,"column":2},"end":{"line":35,"column":20}}},"fnMap":{"0":{"name":"(anonymous_0)","decl":{"start":{"line":3,"column":17},"end":{"line":3,"column":18}},"loc":{"start":{"line":3,"column":32},"end":{"line":36,"column":1}},"line":3},"1":{"name":"(anonymous_1)","decl":{"start":{"line":19,"column":8},"end":{"line":19,"column":9}},"loc":{"start":{"line":19,"column":14},"end":{"line":22,"column":9}},"line":19}},"branchMap":{"0":{"loc":{"start":{"line":21,"column":17},"end":{"line":21,"column":57}},"type":"cond-expr","locations":[{"start":{"line":21,"column":28},"end":{"line":21,"column":50}},{"start":{"line":21,"column":53},"end":{"line":21,"column":57}}],"line":21}},"s":{"0":1,"1":1,"2":1,"3":0,"4":0,"5":1},"f":{"0":1,"1":0},"b":{"0":[0,0]},"_coverageSchema":"1a1c01bbd47fc00a2c39e90264f33305004495a9","hash":"f52ea6efc7cf66b56124fe6474a9b6363fb1df06"}
,"C:\\Users\\santa\\Desktop\\Software Development\\CSIT314\\src\\utils\\bcrypt.js": {"path":"C:\\Users\\santa\\Desktop\\Software Development\\CSIT314\\src\\utils\\bcrypt.js","statementMap":{"0":{"start":{"line":1,"column":15},"end":{"line":1,"column":32}},"1":{"start":{"line":3,"column":0},"end":{"line":20,"column":2}},"2":{"start":{"line":5,"column":8},"end":{"line":10,"column":11}},"3":{"start":{"line":6,"column":12},"end":{"line":9,"column":14}},"4":{"start":{"line":7,"column":16},"end":{"line":7,"column":43}},"5":{"start":{"line":7,"column":24},"end":{"line":7,"column":43}},"6":{"start":{"line":8,"column":16},"end":{"line":8,"column":38}},"7":{"start":{"line":13,"column":8},"end":{"line":18,"column":11}},"8":{"start":{"line":14,"column":12},"end":{"line":17,"column":14}},"9":{"start":{"line":15,"column":16},"end":{"line":15,"column":43}},"10":{"start":{"line":15,"column":24},"end":{"line":15,"column":43}},"11":{"start":{"line":16,"column":16},"end":{"line":16,"column":39}}},"fnMap":{"0":{"name":"(anonymous_0)","decl":{"start":{"line":4,"column":21},"end":{"line":4,"column":22}},"loc":{"start":{"line":4,"column":41},"end":{"line":11,"column":5}},"line":4},"1":{"name":"(anonymous_1)","decl":{"start":{"line":5,"column":27},"end":{"line":5,"column":28}},"loc":{"start":{"line":5,"column":48},"end":{"line":10,"column":9}},"line":5},"2":{"name":"(anonymous_2)","decl":{"start":{"line":6,"column":43},"end":{"line":6,"column":44}},"loc":{"start":{"line":6,"column":65},"end":{"line":9,"column":13}},"line":6},"3":{"name":"(anonymous_3)","decl":{"start":{"line":12,"column":18},"end":{"line":12,"column":19}},"loc":{"start":{"line":12,"column":32},"end":{"line":19,"column":5}},"line":12},"4":{"name":"(anonymous_4)","decl":{"start":{"line":13,"column":27},"end":{"line":13,"column":28}},"loc":{"start":{"line":13,"column":48},"end":{"line":18,"column":9}},"line":13},"5":{"name":"(anonymous_5)","decl":{"start":{"line":14,"column":38},"end":{"line":14,"column":39}},"loc":{"start":{"line":14,"column":60},"end":{"line":17,"column":13}},"line":14}},"branchMap":{"0":{"loc":{"start":{"line":7,"column":16},"end":{"line":7,"column":43}},"type":"if","locations":[{"start":{"line":7,"column":16},"end":{"line":7,"column":43}},{"start":{},"end":{}}],"line":7},"1":{"loc":{"start":{"line":15,"column":16},"end":{"line":15,"column":43}},"type":"if","locations":[{"start":{"line":15,"column":16},"end":{"line":15,"column":43}},{"start":{},"end":{}}],"line":15}},"s":{"0":1,"1":1,"2":0,"3":0,"4":0,"5":0,"6":0,"7":1,"8":1,"9":1,"10":0,"11":1},"f":{"0":0,"1":0,"2":0,"3":1,"4":1,"5":1},"b":{"0":[0,0],"1":[0,1]},"_coverageSchema":"1a1c01bbd47fc00a2c39e90264f33305004495a9","hash":"a00f36c001ddf3e62e4594fec49c7df8f2cdb3a3"}
}
